2020-04-29T03:49:35+00:00 CRITICAL require_once(): Failed opening required '/home/nhom1tmdt/domains/shopacg.bmic.edu.vn/public_html/wp-includes/customize/class-wp-customize-filter-setting.php' (include_path='.:/usr/local/php72/lib/php') in /home/nhom1tmdt/domains/shopacg.bmic.edu.vn/public_html/wp-includes/class-wp-customize-setting.php on line 962

2020-04-29T03:49:36+00:00 CRITICAL require_once(): Failed opening required '/home/nhom1tmdt/domains/shopacg.bmic.edu.vn/public_html/wp-includes/customize/class-wp-customize-filter-setting.php' (include_path='.:/usr/local/php72/lib/php') in /home/nhom1tmdt/domains/shopacg.bmic.edu.vn/public_html/wp-includes/class-wp-customize-setting.php on line 962

2020-04-29T03:49:45+00:00 CRITICAL require_once(): Failed opening required '/home/nhom1tmdt/domains/shopacg.bmic.edu.vn/public_html/wp-includes/customize/class-wp-customize-filter-setting.php' (include_path='.:/usr/local/php72/lib/php') in /home/nhom1tmdt/domains/shopacg.bmic.edu.vn/public_html/wp-includes/class-wp-customize-setting.php on line 962

2020-04-29T03:49:46+00:00 CRITICAL require_once(): Failed opening required '/home/nhom1tmdt/domains/shopacg.bmic.edu.vn/public_html/wp-includes/customize/class-wp-customize-filter-setting.php' (include_path='.:/usr/local/php72/lib/php') in /home/nhom1tmdt/domains/shopacg.bmic.edu.vn/public_html/wp-includes/class-wp-customize-setting.php on line 962

2020-04-29T03:50:19+00:00 CRITICAL require_once(): Failed opening required '/home/nhom1tmdt/domains/shopacg.bmic.edu.vn/public_html/wp-includes/customize/class-wp-customize-filter-setting.php' (include_path='.:/usr/local/php72/lib/php') in /home/nhom1tmdt/domains/shopacg.bmic.edu.vn/public_html/wp-includes/class-wp-customize-setting.php on line 962

2020-04-29T03:51:44+00:00 CRITICAL require_once(): Failed opening required '/home/nhom1tmdt/domains/shopacg.bmic.edu.vn/public_html/wp-includes/customize/class-wp-customize-filter-setting.php' (include_path='.:/usr/local/php72/lib/php') in /home/nhom1tmdt/domains/shopacg.bmic.edu.vn/public_html/wp-includes/class-wp-customize-setting.php on line 962

2020-04-29T03:51:45+00:00 CRITICAL require_once(): Failed opening required '/home/nhom1tmdt/domains/shopacg.bmic.edu.vn/public_html/wp-includes/customize/class-wp-customize-filter-setting.php' (include_path='.:/usr/local/php72/lib/php') in /home/nhom1tmdt/domains/shopacg.bmic.edu.vn/public_html/wp-includes/class-wp-customize-setting.php on line 962

2020-04-29T03:54:26+00:00 CRITICAL require_once(): Failed opening required '/home/nhom1tmdt/domains/shopacg.bmic.edu.vn/public_html/wp-includes/customize/class-wp-customize-filter-setting.php' (include_path='.:/usr/local/php72/lib/php') in /home/nhom1tmdt/domains/shopacg.bmic.edu.vn/public_html/wp-includes/class-wp-customize-setting.php on line 962

2020-04-29T03:54:27+00:00 CRITICAL require_once(): Failed opening required '/home/nhom1tmdt/domains/shopacg.bmic.edu.vn/public_html/wp-includes/customize/class-wp-customize-filter-setting.php' (include_path='.:/usr/local/php72/lib/php') in /home/nhom1tmdt/domains/shopacg.bmic.edu.vn/public_html/wp-includes/class-wp-customize-setting.php on line 962

2020-04-29T03:55:59+00:00 CRITICAL require_once(): Failed opening required '/home/nhom1tmdt/domains/shopacg.bmic.edu.vn/public_html/wp-includes/customize/class-wp-customize-filter-setting.php' (include_path='.:/usr/local/php72/lib/php') in /home/nhom1tmdt/domains/shopacg.bmic.edu.vn/public_html/wp-includes/class-wp-customize-setting.php on line 962

2020-04-29T03:56:00+00:00 CRITICAL require_once(): Failed opening required '/home/nhom1tmdt/domains/shopacg.bmic.edu.vn/public_html/wp-includes/customize/class-wp-customize-filter-setting.php' (include_path='.:/usr/local/php72/lib/php') in /home/nhom1tmdt/domains/shopacg.bmic.edu.vn/public_html/wp-includes/class-wp-customize-setting.php on line 962

2020-04-29T03:56:14+00:00 CRITICAL require_once(): Failed opening required '/home/nhom1tmdt/domains/shopacg.bmic.edu.vn/public_html/wp-includes/customize/class-wp-customize-filter-setting.php' (include_path='.:/usr/local/php72/lib/php') in /home/nhom1tmdt/domains/shopacg.bmic.edu.vn/public_html/wp-includes/class-wp-customize-setting.php on line 962

2020-04-29T03:56:15+00:00 CRITICAL require_once(): Failed opening required '/home/nhom1tmdt/domains/shopacg.bmic.edu.vn/public_html/wp-includes/customize/class-wp-customize-filter-setting.php' (include_path='.:/usr/local/php72/lib/php') in /home/nhom1tmdt/domains/shopacg.bmic.edu.vn/public_html/wp-includes/class-wp-customize-setting.php on line 962

2020-04-29T03:57:39+00:00 CRITICAL require_once(): Failed opening required '/home/nhom1tmdt/domains/shopacg.bmic.edu.vn/public_html/wp-includes/customize/class-wp-customize-filter-setting.php' (include_path='.:/usr/local/php72/lib/php') in /home/nhom1tmdt/domains/shopacg.bmic.edu.vn/public_html/wp-includes/class-wp-customize-setting.php on line 962

2020-04-29T03:58:36+00:00 CRITICAL require_once(): Failed opening required '/home/nhom1tmdt/domains/shopacg.bmic.edu.vn/public_html/wp-includes/customize/class-wp-customize-filter-setting.php' (include_path='.:/usr/local/php72/lib/php') in /home/nhom1tmdt/domains/shopacg.bmic.edu.vn/public_html/wp-includes/class-wp-customize-setting.php on line 962

2020-04-29T03:58:37+00:00 CRITICAL require_once(): Failed opening required '/home/nhom1tmdt/domains/shopacg.bmic.edu.vn/public_html/wp-includes/customize/class-wp-customize-filter-setting.php' (include_path='.:/usr/local/php72/lib/php') in /home/nhom1tmdt/domains/shopacg.bmic.edu.vn/public_html/wp-includes/class-wp-customize-setting.php on line 962

2020-04-29T03:59:45+00:00 CRITICAL require_once(): Failed opening required '/home/nhom1tmdt/domains/shopacg.bmic.edu.vn/public_html/wp-includes/customize/class-wp-customize-filter-setting.php' (include_path='.:/usr/local/php72/lib/php') in /home/nhom1tmdt/domains/shopacg.bmic.edu.vn/public_html/wp-includes/class-wp-customize-setting.php on line 962

2020-04-29T03:59:46+00:00 CRITICAL require_once(): Failed opening required '/home/nhom1tmdt/domains/shopacg.bmic.edu.vn/public_html/wp-includes/customize/class-wp-customize-filter-setting.php' (include_path='.:/usr/local/php72/lib/php') in /home/nhom1tmdt/domains/shopacg.bmic.edu.vn/public_html/wp-includes/class-wp-customize-setting.php on line 962

2020-04-29T03:59:49+00:00 CRITICAL require_once(): Failed opening required '/home/nhom1tmdt/domains/shopacg.bmic.edu.vn/public_html/wp-includes/customize/class-wp-customize-filter-setting.php' (include_path='.:/usr/local/php72/lib/php') in /home/nhom1tmdt/domains/shopacg.bmic.edu.vn/public_html/wp-includes/class-wp-customize-setting.php on line 962

2020-04-29T03:59:50+00:00 CRITICAL require_once(): Failed opening required '/home/nhom1tmdt/domains/shopacg.bmic.edu.vn/public_html/wp-includes/customize/class-wp-customize-filter-setting.php' (include_path='.:/usr/local/php72/lib/php') in /home/nhom1tmdt/domains/shopacg.bmic.edu.vn/public_html/wp-includes/class-wp-customize-setting.php on line 962

2020-04-29T04:03:35+00:00 CRITICAL Uncaught UnexpectedValueException: RecursiveDirectoryIterator::__construct(): open_basedir restriction in effect. File(/var/cache/nginx/wordpress) is not within the allowed path(s): (/home/nhom1tmdt/:/tmp:/var/tmp:/opt/alt/php72/usr/share/pear/:/dev/urandom:/usr/local/lib/php/:/usr/local/php72/lib/php/) in /home/nhom1tmdt/domains/shopacg.bmic.edu.vn/public_html/wp-content/mu-plugins/kusanagi-core/modules/cache-clear.php:93
Stack trace:
#0 /home/nhom1tmdt/domains/shopacg.bmic.edu.vn/public_html/wp-content/mu-plugins/kusanagi-core/modules/cache-clear.php(93): RecursiveDirectoryIterator->__construct('/var/cache/ngin...', 4128)
#1 /home/nhom1tmdt/domains/shopacg.bmic.edu.vn/public_html/wp-content/mu-plugins/kusanagi-core/modules/cache-clear.php(62): KUSANAGI_Cache_Clear->clear_fcache('/')
#2 /home/nhom1tmdt/domains/shopacg.bmic.edu.vn/public_html/wp-includes/class-wp-hook.php(287): KUSANAGI_Cache_Clear->exe_clear_cache('')
#3 /home/nhom1tmdt/domains/shopacg.bmic.edu.vn/public_html/wp-includes/class-wp-hook.php(31 in /home/nhom1tmdt/domains/shopacg.bmic.edu.vn/public_html/wp-content/mu-plugins/kusanagi-core/modules/cache-clear.php on line 93

2020-04-29T04:03:36+00:00 CRITICAL Uncaught UnexpectedValueException: RecursiveDirectoryIterator::__construct(): open_basedir restriction in effect. File(/var/cache/nginx/wordpress) is not within the allowed path(s): (/home/nhom1tmdt/:/tmp:/var/tmp:/opt/alt/php72/usr/share/pear/:/dev/urandom:/usr/local/lib/php/:/usr/local/php72/lib/php/) in /home/nhom1tmdt/domains/shopacg.bmic.edu.vn/public_html/wp-content/mu-plugins/kusanagi-core/modules/cache-clear.php:93
Stack trace:
#0 /home/nhom1tmdt/domains/shopacg.bmic.edu.vn/public_html/wp-content/mu-plugins/kusanagi-core/modules/cache-clear.php(93): RecursiveDirectoryIterator->__construct('/var/cache/ngin...', 4128)
#1 /home/nhom1tmdt/domains/shopacg.bmic.edu.vn/public_html/wp-content/mu-plugins/kusanagi-core/modules/cache-clear.php(62): KUSANAGI_Cache_Clear->clear_fcache('/')
#2 /home/nhom1tmdt/domains/shopacg.bmic.edu.vn/public_html/wp-includes/class-wp-hook.php(287): KUSANAGI_Cache_Clear->exe_clear_cache('')
#3 /home/nhom1tmdt/domains/shopacg.bmic.edu.vn/public_html/wp-includes/class-wp-hook.php(31 in /home/nhom1tmdt/domains/shopacg.bmic.edu.vn/public_html/wp-content/mu-plugins/kusanagi-core/modules/cache-clear.php on line 93

2020-04-29T07:12:50+00:00 CRITICAL Uncaught UnexpectedValueException: RecursiveDirectoryIterator::__construct(): open_basedir restriction in effect. File(/var/cache/nginx/wordpress) is not within the allowed path(s): (/home/nhom1tmdt/:/tmp:/var/tmp:/opt/alt/php72/usr/share/pear/:/dev/urandom:/usr/local/lib/php/:/usr/local/php72/lib/php/) in /home/nhom1tmdt/domains/shopacg.bmic.edu.vn/public_html/wp-content/mu-plugins/kusanagi-core/modules/cache-clear.php:93
Stack trace:
#0 /home/nhom1tmdt/domains/shopacg.bmic.edu.vn/public_html/wp-content/mu-plugins/kusanagi-core/modules/cache-clear.php(93): RecursiveDirectoryIterator->__construct('/var/cache/ngin...', 4128)
#1 /home/nhom1tmdt/domains/shopacg.bmic.edu.vn/public_html/wp-content/mu-plugins/kusanagi-core/modules/cache-clear.php(62): KUSANAGI_Cache_Clear->clear_fcache('/')
#2 /home/nhom1tmdt/domains/shopacg.bmic.edu.vn/public_html/wp-includes/class-wp-hook.php(287): KUSANAGI_Cache_Clear->exe_clear_cache('')
#3 /home/nhom1tmdt/domains/shopacg.bmic.edu.vn/public_html/wp-includes/class-wp-hook.php(31 in /home/nhom1tmdt/domains/shopacg.bmic.edu.vn/public_html/wp-content/mu-plugins/kusanagi-core/modules/cache-clear.php on line 93

2020-04-29T07:12:51+00:00 CRITICAL Uncaught UnexpectedValueException: RecursiveDirectoryIterator::__construct(): open_basedir restriction in effect. File(/var/cache/nginx/wordpress) is not within the allowed path(s): (/home/nhom1tmdt/:/tmp:/var/tmp:/opt/alt/php72/usr/share/pear/:/dev/urandom:/usr/local/lib/php/:/usr/local/php72/lib/php/) in /home/nhom1tmdt/domains/shopacg.bmic.edu.vn/public_html/wp-content/mu-plugins/kusanagi-core/modules/cache-clear.php:93
Stack trace:
#0 /home/nhom1tmdt/domains/shopacg.bmic.edu.vn/public_html/wp-content/mu-plugins/kusanagi-core/modules/cache-clear.php(93): RecursiveDirectoryIterator->__construct('/var/cache/ngin...', 4128)
#1 /home/nhom1tmdt/domains/shopacg.bmic.edu.vn/public_html/wp-content/mu-plugins/kusanagi-core/modules/cache-clear.php(62): KUSANAGI_Cache_Clear->clear_fcache('/')
#2 /home/nhom1tmdt/domains/shopacg.bmic.edu.vn/public_html/wp-includes/class-wp-hook.php(287): KUSANAGI_Cache_Clear->exe_clear_cache('')
#3 /home/nhom1tmdt/domains/shopacg.bmic.edu.vn/public_html/wp-includes/class-wp-hook.php(31 in /home/nhom1tmdt/domains/shopacg.bmic.edu.vn/public_html/wp-content/mu-plugins/kusanagi-core/modules/cache-clear.php on line 93

