2020-04-25T03:31:48+00:00 CRITICAL Uncaught UnexpectedValueException: RecursiveDirectoryIterator::__construct(): open_basedir restriction in effect. File(/var/cache/nginx/wordpress) is not within the allowed path(s): (/home/nhom1tmdt/:/tmp:/var/tmp:/opt/alt/php72/usr/share/pear/:/dev/urandom:/usr/local/lib/php/:/usr/local/php72/lib/php/) in /home/nhom1tmdt/domains/shopacg.bmic.edu.vn/public_html/wp-content/mu-plugins/kusanagi-core/modules/cache-clear.php:93
Stack trace:
#0 /home/nhom1tmdt/domains/shopacg.bmic.edu.vn/public_html/wp-content/mu-plugins/kusanagi-core/modules/cache-clear.php(93): RecursiveDirectoryIterator->__construct('/var/cache/ngin...', 4128)
#1 /home/nhom1tmdt/domains/shopacg.bmic.edu.vn/public_html/wp-content/mu-plugins/kusanagi-core/modules/cache-clear.php(62): KUSANAGI_Cache_Clear->clear_fcache('/')
#2 /home/nhom1tmdt/domains/shopacg.bmic.edu.vn/public_html/wp-includes/class-wp-hook.php(287): KUSANAGI_Cache_Clear->exe_clear_cache('')
#3 /home/nhom1tmdt/domains/shopacg.bmic.edu.vn/public_html/wp-includes/class-wp-hook.php(31 in /home/nhom1tmdt/domains/shopacg.bmic.edu.vn/public_html/wp-content/mu-plugins/kusanagi-core/modules/cache-clear.php on line 93

2020-04-25T03:31:48+00:00 CRITICAL Uncaught UnexpectedValueException: RecursiveDirectoryIterator::__construct(): open_basedir restriction in effect. File(/var/cache/nginx/wordpress) is not within the allowed path(s): (/home/nhom1tmdt/:/tmp:/var/tmp:/opt/alt/php72/usr/share/pear/:/dev/urandom:/usr/local/lib/php/:/usr/local/php72/lib/php/) in /home/nhom1tmdt/domains/shopacg.bmic.edu.vn/public_html/wp-content/mu-plugins/kusanagi-core/modules/cache-clear.php:93
Stack trace:
#0 /home/nhom1tmdt/domains/shopacg.bmic.edu.vn/public_html/wp-content/mu-plugins/kusanagi-core/modules/cache-clear.php(93): RecursiveDirectoryIterator->__construct('/var/cache/ngin...', 4128)
#1 /home/nhom1tmdt/domains/shopacg.bmic.edu.vn/public_html/wp-content/mu-plugins/kusanagi-core/modules/cache-clear.php(62): KUSANAGI_Cache_Clear->clear_fcache('/')
#2 /home/nhom1tmdt/domains/shopacg.bmic.edu.vn/public_html/wp-includes/class-wp-hook.php(287): KUSANAGI_Cache_Clear->exe_clear_cache('')
#3 /home/nhom1tmdt/domains/shopacg.bmic.edu.vn/public_html/wp-includes/class-wp-hook.php(31 in /home/nhom1tmdt/domains/shopacg.bmic.edu.vn/public_html/wp-content/mu-plugins/kusanagi-core/modules/cache-clear.php on line 93

2020-04-25T04:05:49+00:00 CRITICAL Cannot declare class Menu_Icons, because the name is already in use in /home/nhom1tmdt/domains/shopacg.bmic.edu.vn/public_html/wp-content/plugins/menu-icons/menu-icons.php on line 28

2020-04-25T04:05:52+00:00 CRITICAL Cannot declare class Menu_Icons, because the name is already in use in /home/nhom1tmdt/domains/shopacg.bmic.edu.vn/public_html/wp-content/plugins/menu-icons/menu-icons.php on line 28

2020-04-25T04:05:52+00:00 CRITICAL Cannot declare class Menu_Icons, because the name is already in use in /home/nhom1tmdt/domains/shopacg.bmic.edu.vn/public_html/wp-content/plugins/menu-icons/menu-icons.php on line 28

2020-04-25T04:05:55+00:00 CRITICAL Cannot declare class Menu_Icons, because the name is already in use in /home/nhom1tmdt/domains/shopacg.bmic.edu.vn/public_html/wp-content/plugins/menu-icons/menu-icons.php on line 28

2020-04-25T09:41:37+00:00 CRITICAL Uncaught UnexpectedValueException: RecursiveDirectoryIterator::__construct(): open_basedir restriction in effect. File(/var/cache/nginx/wordpress) is not within the allowed path(s): (/home/nhom1tmdt/:/tmp:/var/tmp:/opt/alt/php72/usr/share/pear/:/dev/urandom:/usr/local/lib/php/:/usr/local/php72/lib/php/) in /home/nhom1tmdt/domains/shopacg.bmic.edu.vn/public_html/wp-content/mu-plugins/kusanagi-core/modules/cache-clear.php:93
Stack trace:
#0 /home/nhom1tmdt/domains/shopacg.bmic.edu.vn/public_html/wp-content/mu-plugins/kusanagi-core/modules/cache-clear.php(93): RecursiveDirectoryIterator->__construct('/var/cache/ngin...', 4128)
#1 /home/nhom1tmdt/domains/shopacg.bmic.edu.vn/public_html/wp-content/mu-plugins/kusanagi-core/modules/cache-clear.php(62): KUSANAGI_Cache_Clear->clear_fcache('/')
#2 /home/nhom1tmdt/domains/shopacg.bmic.edu.vn/public_html/wp-includes/class-wp-hook.php(287): KUSANAGI_Cache_Clear->exe_clear_cache('')
#3 /home/nhom1tmdt/domains/shopacg.bmic.edu.vn/public_html/wp-includes/class-wp-hook.php(31 in /home/nhom1tmdt/domains/shopacg.bmic.edu.vn/public_html/wp-content/mu-plugins/kusanagi-core/modules/cache-clear.php on line 93

2020-04-25T09:41:38+00:00 CRITICAL Uncaught UnexpectedValueException: RecursiveDirectoryIterator::__construct(): open_basedir restriction in effect. File(/var/cache/nginx/wordpress) is not within the allowed path(s): (/home/nhom1tmdt/:/tmp:/var/tmp:/opt/alt/php72/usr/share/pear/:/dev/urandom:/usr/local/lib/php/:/usr/local/php72/lib/php/) in /home/nhom1tmdt/domains/shopacg.bmic.edu.vn/public_html/wp-content/mu-plugins/kusanagi-core/modules/cache-clear.php:93
Stack trace:
#0 /home/nhom1tmdt/domains/shopacg.bmic.edu.vn/public_html/wp-content/mu-plugins/kusanagi-core/modules/cache-clear.php(93): RecursiveDirectoryIterator->__construct('/var/cache/ngin...', 4128)
#1 /home/nhom1tmdt/domains/shopacg.bmic.edu.vn/public_html/wp-content/mu-plugins/kusanagi-core/modules/cache-clear.php(62): KUSANAGI_Cache_Clear->clear_fcache('/')
#2 /home/nhom1tmdt/domains/shopacg.bmic.edu.vn/public_html/wp-includes/class-wp-hook.php(287): KUSANAGI_Cache_Clear->exe_clear_cache('')
#3 /home/nhom1tmdt/domains/shopacg.bmic.edu.vn/public_html/wp-includes/class-wp-hook.php(31 in /home/nhom1tmdt/domains/shopacg.bmic.edu.vn/public_html/wp-content/mu-plugins/kusanagi-core/modules/cache-clear.php on line 93

2020-04-25T11:59:38+00:00 CRITICAL Cannot declare class Menu_Icons, because the name is already in use in /home/nhom1tmdt/domains/shopacg.bmic.edu.vn/public_html/wp-content/plugins/menu-icons/menu-icons.php on line 28

2020-04-25T11:59:40+00:00 CRITICAL Cannot declare class Menu_Icons, because the name is already in use in /home/nhom1tmdt/domains/shopacg.bmic.edu.vn/public_html/wp-content/plugins/menu-icons/menu-icons.php on line 28

2020-04-25T11:59:41+00:00 CRITICAL Cannot declare class Menu_Icons, because the name is already in use in /home/nhom1tmdt/domains/shopacg.bmic.edu.vn/public_html/wp-content/plugins/menu-icons/menu-icons.php on line 28

2020-04-25T11:59:42+00:00 CRITICAL Cannot declare class Menu_Icons, because the name is already in use in /home/nhom1tmdt/domains/shopacg.bmic.edu.vn/public_html/wp-content/plugins/menu-icons/menu-icons.php on line 28

2020-04-25T11:59:50+00:00 CRITICAL Cannot declare class Menu_Icons, because the name is already in use in /home/nhom1tmdt/domains/shopacg.bmic.edu.vn/public_html/wp-content/plugins/menu-icons/menu-icons.php on line 28

2020-04-25T11:59:53+00:00 CRITICAL Cannot declare class Menu_Icons, because the name is already in use in /home/nhom1tmdt/domains/shopacg.bmic.edu.vn/public_html/wp-content/plugins/menu-icons/menu-icons.php on line 28

2020-04-25T11:59:53+00:00 CRITICAL Cannot declare class Menu_Icons, because the name is already in use in /home/nhom1tmdt/domains/shopacg.bmic.edu.vn/public_html/wp-content/plugins/menu-icons/menu-icons.php on line 28

2020-04-25T11:59:54+00:00 CRITICAL Cannot declare class Menu_Icons, because the name is already in use in /home/nhom1tmdt/domains/shopacg.bmic.edu.vn/public_html/wp-content/plugins/menu-icons/menu-icons.php on line 28

2020-04-25T12:01:04+00:00 CRITICAL Cannot declare class Menu_Icons, because the name is already in use in /home/nhom1tmdt/domains/shopacg.bmic.edu.vn/public_html/wp-content/plugins/menu-icons/menu-icons.php on line 28

2020-04-25T12:01:07+00:00 CRITICAL Cannot declare class Menu_Icons, because the name is already in use in /home/nhom1tmdt/domains/shopacg.bmic.edu.vn/public_html/wp-content/plugins/menu-icons/menu-icons.php on line 28

2020-04-25T12:01:07+00:00 CRITICAL Cannot declare class Menu_Icons, because the name is already in use in /home/nhom1tmdt/domains/shopacg.bmic.edu.vn/public_html/wp-content/plugins/menu-icons/menu-icons.php on line 28

2020-04-25T12:01:08+00:00 CRITICAL Cannot declare class Menu_Icons, because the name is already in use in /home/nhom1tmdt/domains/shopacg.bmic.edu.vn/public_html/wp-content/plugins/menu-icons/menu-icons.php on line 28

2020-04-25T16:42:01+00:00 CRITICAL Cannot declare class Menu_Icons, because the name is already in use in /home/nhom1tmdt/domains/shopacg.bmic.edu.vn/public_html/wp-content/plugins/menu-icons/menu-icons.php on line 28

2020-04-25T16:42:04+00:00 CRITICAL Cannot declare class Menu_Icons, because the name is already in use in /home/nhom1tmdt/domains/shopacg.bmic.edu.vn/public_html/wp-content/plugins/menu-icons/menu-icons.php on line 28

2020-04-25T16:42:04+00:00 CRITICAL Cannot declare class Menu_Icons, because the name is already in use in /home/nhom1tmdt/domains/shopacg.bmic.edu.vn/public_html/wp-content/plugins/menu-icons/menu-icons.php on line 28

2020-04-25T16:42:05+00:00 CRITICAL Cannot declare class Menu_Icons, because the name is already in use in /home/nhom1tmdt/domains/shopacg.bmic.edu.vn/public_html/wp-content/plugins/menu-icons/menu-icons.php on line 28

